Download is Started (Aug 5, 2014 11:10:10 AM)

  Error (HTTP code 404) - 'http://www.chipscalereview.com/css/colorbox.css'
  Error (HTTP code 404) - 'http://www.chipscalereview.com/js/jquery.colorbox.js'
  Error - Already connected (https://stats.sa-as.com/live.js)
  Error (HTTP code 404) - 'http://www.chipscalereview.com/images/blank.gif'
  Error (HTTP code 403) - 'http://www.chipscalereview.com/editorial-advisory-board/'
  Error (HTTP code 404) - 'http://www.icnfull.com/gsa/gsamain.htm'
  Error (HTTP code 403) - 'http://www.chipscalereview.com/iwlpc/'
  Error (HTTP code 403) - 'http://www.chipscalereview.com/tech_monthly/'
  Error (HTTP code 404) - 'http://www.chipscalereview.com/front-content/images/0312-img1.jpg'
  Error (HTTP code 403) - 'http://www.chipscalereview.com/white_papers/'
  Error (HTTP code 403) - 'http://www.chipscalereview.com/contact/'
  Error (HTTP code 404) - 'http://www.chipscalereview.com/issues/0714/elements/main.css'
  Error (HTTP code 404) - 'http://www.chipscalereview.com/issues/0714/css/prettyPhoto.css'
  Error (HTTP code 404) - 'http://www.chipscalereview.com/issues/0714/css/colorbox.css'
  Error (HTTP code 404) - 'http://www.chipscalereview.com/issues/0714/code.jquery.com/jquery-1.10.1.min.js'
  Error (HTTP code 404) - 'http://www.chipscalereview.com/issues/0714/js/jquery.colorbox.js'
  Error (HTTP code 404) - 'http://www.chipscalereview.com/issues/0714/issues/0714/content/CSR_July-August-2014_digital.pdf'
  Error (HTTP code 404) - 'http://www.chipscalereview.com/issues/0714/subscription/subscribe.php.htm'
  Error (HTTP code 404) - 'http://www.chipscalereview.com/issues/0714/default.htm'
  Error (HTTP code 404) - 'http://www.chipscalereview.com/issues/0714/elements/tab-divider.gif'
  Error (HTTP code 404) - 'http://www.chipscalereview.com/issues/0714/editorial-advisory-board/rolf-aschenbrenner.php.htm'
  Error (HTTP code 404) - 'http://www.chipscalereview.com/issues/0714/editorial-advisory-board/thomas-di-stefano.php.htm'
  Error (HTTP code 404) - 'http://www.chipscalereview.com/issues/0714/editorial-advisory-board/joseph-fjelstad.php.htm'
  Error (HTTP code 404) - 'http://www.chipscalereview.com/issues/0714/editorial-advisory-board/arun-gowda.php.htm'
  Error (HTTP code 404) - 'http://www.chipscalereview.com/issues/0714/editorial-advisory-board/john-lau.php.htm'
  Error (HTTP code 404) - 'http://www.chipscalereview.com/issues/0714/editorial-advisory-board/andy-mackie.php.htm'
  Error (HTTP code 404) - 'http://www.chipscalereview.com/issues/0714/editorial-advisory-board/venky-sundaram.php.htm'
  Error (HTTP code 404) - 'http://www.chipscalereview.com/issues/0714/editorial-advisory-board/fred-taber.php.htm'
  Error (HTTP code 404) - 'http://www.chipscalereview.com/issues/0714/editorial-advisory-board/francoise-von-trapp.php.htm'
  Error (HTTP code 404) - 'http://www.chipscalereview.com/issues/0714/www.iwlpc.com/files/IWLPC_2013_Program_Brochure.pdf'
  Error (HTTP code 404) - 'http://www.chipscalereview.com/issues/0714/editorial-advisory-board/leon-tingyu.php.htm'
  Error (HTTP code 404) - 'http://www.chipscalereview.com/issues/0714/iwlpc/IWLPC-Review-2012.pdf'
  Error (HTTP code 404) - 'http://www.chipscalereview.com/issues/0714/tech_monthly/csrtm-0614-front.php.htm'
  Error (HTTP code 404) - 'http://www.chipscalereview.com/issues/0714/tech_monthly/csrtm-0414-front.php.htm'
  Error (HTTP code 404) - 'http://www.chipscalereview.com/issues/0714/tech_monthly/csrtm-0514-front.php.htm'
  Error (HTTP code 404) - 'http://www.chipscalereview.com/issues/0714/iwlpc/iwlpc-2011.php.htm'
  Error (HTTP code 404) - 'http://www.chipscalereview.com/issues/0714/tech_monthly/csrtm-0414-feol.php.htm'
  Error (HTTP code 404) - 'http://www.chipscalereview.com/issues/0714/tech_monthly/csrtm-0414-semi.php.htm'
  Error (HTTP code 404) - 'http://www.chipscalereview.com/issues/0714/tech_monthly/csrtm-0314-front.php.htm'
  Error (HTTP code 404) - 'http://www.chipscalereview.com/issues/0714/tech_monthly/csrtm-0314-3d.php.htm'
  Error (HTTP code 404) - 'http://www.chipscalereview.com/issues/0714/tech_monthly/csrtm-0214-front.php.htm'
  Error (HTTP code 404) - 'http://www.chipscalereview.com/issues/0714/tech_monthly/csrtm-0114-front.php.htm'
  Error (HTTP code 404) - 'http://www.chipscalereview.com/issues/0714/tech_monthly/csrtm-0114-mobile.php.htm'
  Error (HTTP code 404) - 'http://www.chipscalereview.com/issues/0714/tech_monthly/csrtm-0114-semicon-markets.php.htm'
  Error (HTTP code 404) - 'http://www.chipscalereview.com/issues/0714/tech_monthly/csrtm-0314-silicon-interposers.php.htm'
  Error (HTTP code 404) - 'http://www.chipscalereview.com/issues/0714/tech_monthly/csrtm-0114-front.php.htm'
  Error (HTTP code 404) - 'http://www.chipscalereview.com/issues/0714/tech_monthly/csrtm-1113-nano-materials.php.htm'
  Error (HTTP code 404) - 'http://www.chipscalereview.com/issues/0714/tech_monthly/csrtm-0813-ti.php.htm'
  Error (HTTP code 404) - 'http://www.chipscalereview.com/issues/0714/tech_monthly/csrtm-1113-front.php.htm'
  Error (HTTP code 404) - 'http://www.chipscalereview.com/issues/0714/tech_monthly/csrtm-1213-front.php.htm'
  Error (HTTP code 404) - 'http://www.chipscalereview.com/issues/0714/tech_monthly/csrtm-1013-front.php.htm'
  Error (HTTP code 404) - 'http://www.chipscalereview.com/issues/0714/tech_monthly/csrtm-0713-smt-interconnections.php.htm'
  Error (HTTP code 404) - 'http://www.chipscalereview.com/issues/0714/tech_monthly/csrtm-0513-solar.php.htm'
  Error (HTTP code 404) - 'http://www.chipscalereview.com/issues/0714/tech_monthly/csrtm-0813-semi.php.htm'
  Error (HTTP code 404) - 'http://www.chipscalereview.com/issues/0714/tech_monthly/csrtm-0613-evgroup.php.htm'
  Error (HTTP code 404) - 'http://www.chipscalereview.com/issues/0714/tech_monthly/csrtm-0713-ers.php.htm'
  Error (HTTP code 404) - 'http://www.chipscalereview.com/issues/0714/tech_monthly/csrtm-0413-amkor.php.htm'
  Error (HTTP code 404) - 'http://www.chipscalereview.com/issues/0714/tech_monthly/csrtm-0213-stats.php.htm'
  Error (HTTP code 404) - 'http://www.chipscalereview.com/issues/0714/tech_monthly/csrtm-0213-ti.php.htm'
  Error (HTTP code 404) - 'http://www.chipscalereview.com/issues/0714/tech_monthly/csrtm-0213-henkel.php.htm'
  Error (HTTP code 404) - 'http://www.chipscalereview.com/issues/0714/tech_monthly/csrtm-0413-ti.php.htm'
  Error (HTTP code 404) - 'http://www.chipscalereview.com/issues/0714/tech_monthly/csrtm-0213-gsa.php.htm'
  Error (HTTP code 404) - 'http://www.chipscalereview.com/issues/0714/tech_monthly/csrtm-1212-rudolph.php.htm'
  Error (HTTP code 404) - 'http://www.chipscalereview.com/issues/0714/tech_monthly/csrtm-0213-wxic.php.htm'
  Error (HTTP code 404) - 'http://www.chipscalereview.com/issues/0714/tech_monthly/csrtm-1212-rudolph.php.htm'
  Error (HTTP code 404) - 'http://www.chipscalereview.com/issues/0714/tech_monthly/csrtm-1212-kla.php.htm'
  Error (HTTP code 404) - 'http://www.chipscalereview.com/issues/0714/tech_monthly/csrtm-1212-3d.php.htm'
  Error (HTTP code 404) - 'http://www.chipscalereview.com/issues/0714/tech_monthly/csrtm-1112-wafer-level.php.htm'
  Error (HTTP code 404) - 'http://www.chipscalereview.com/issues/0714/tech_monthly/csrtm-1112-supply-chains.php.htm'
  Error (HTTP code 404) - 'http://www.chipscalereview.com/issues/0714/tech_monthly/csrtm-1212-boisseau.php.htm'
  Error (HTTP code 404) - 'http://www.chipscalereview.com/issues/0714/tech_monthly/csrtm-1112-novel-embedded.php.htm'
  Error (HTTP code 404) - 'http://www.chipscalereview.com/issues/0714/tech_monthly/csrtm-0712-news.php.htm'
  Error (HTTP code 404) - 'http://www.chipscalereview.com/issues/0714/tech_monthly/csrtm-0612-strong-market-for-ics.php.htm'
  Error (HTTP code 404) - 'http://www.chipscalereview.com/issues/0714/tech_monthly/csrtm-0612-front.php.htm'
  Error (HTTP code 404) - 'http://www.chipscalereview.com/issues/0714/tech_monthly/csrtm-0612-the-back-ends-back-ache.php.htm'
  Error (HTTP code 404) - 'http://www.chipscalereview.com/issues/0714/tech_monthly/csrtm-0612-industry-news.php.htm'
  Error (HTTP code 404) - 'http://www.chipscalereview.com/issues/0714/tech_monthly/csrtm-0512-semiarizona.php.htm'
  Error (HTTP code 404) - 'http://www.chipscalereview.com/issues/0714/tech_monthly/csrtm-0512-industry-news.php.htm'
  Error (HTTP code 404) - 'http://www.chipscalereview.com/issues/0714/tech_monthly/csrtm-0512-front.php.htm'
  Error (HTTP code 404) - 'http://www.chipscalereview.com/issues/0714/tech_monthly/csrtm-0512-semico.php.htm'
  Error (HTTP code 404) - 'http://www.chipscalereview.com/issues/0714/tech_monthly/csrtm-0512-semiarizona.php.htm'
  Error (HTTP code 404) - 'http://www.chipscalereview.com/issues/0714/tech_monthly/csrtm-0412-news.php.htm'
  Error (HTTP code 404) - 'http://www.chipscalereview.com/issues/0714/tech_monthly/csrtm-0312-industry-news.php.htm'
  Error (HTTP code 404) - 'http://www.chipscalereview.com/issues/0714/tech_monthly/csrtm-0312-probe-cards.php.htm'
  Error (HTTP code 404) - 'http://www.chipscalereview.com/issues/0714/tech_monthly/csrtm-0312-front.php.htm'
  Error (HTTP code 404) - 'http://www.chipscalereview.com/issues/0714/tech_monthly/csrtm-0412-front.php.htm'
  Error (HTTP code 404) - 'http://www.chipscalereview.com/issues/0714/tech_monthly/csrtm-0112-iwlpc-keynote.php.htm'
  Error (HTTP code 404) - 'http://www.chipscalereview.com/issues/0714/tech_monthly/csrtm-0112-indium.php.htm'
  Error (HTTP code 404) - 'http://www.chipscalereview.com/issues/0714/tech_monthly/csrtm-0112-industry-news.php.htm'
  Error (HTTP code 404) - 'http://www.chipscalereview.com/issues/0714/tech_monthly/csrtm-0212-front.php.htm'
  Error (HTTP code 404) - 'http://www.chipscalereview.com/issues/0714/tech_monthly/csrtm-0212-industry-news.php.htm'
  Error (HTTP code 404) - 'http://www.chipscalereview.com/issues/0714/tech_monthly/csrtm-1111-deca.php.htm'
  Error (HTTP code 404) - 'http://www.chipscalereview.com/issues/0714/tech_monthly/csrtm-1111-recon.php.htm'
  Error (HTTP code 404) - 'http://www.chipscalereview.com/issues/0714/tech_monthly/csrtm-1211-industry-news.php.htm'
  Error (HTTP code 404) - 'http://www.chipscalereview.com/issues/0714/tech_monthly/csrtm-1111-news.php.htm'
  Error (HTTP code 404) - 'http://www.chipscalereview.com/issues/0714/tech_monthly/csrtm-0112-advanced-icpackages.php.htm'
  Error (HTTP code 404) - 'http://www.chipscalereview.com/issues/0714/tech_monthly/csrtm-1111-morita.php.htm'
  Error (HTTP code 404) - 'http://www.chipscalereview.com/issues/0714/tech_monthly/csrtm-1011-front.php.htm'
  Error (HTTP code 404) - 'http://www.chipscalereview.com/issues/0714/tech_monthly/csrtm-0811-front.php.htm'
  Error (HTTP code 404) - 'http://www.chipscalereview.com/issues/0714/tech_monthly/csrtm-0911-front.php.htm'
  Error (HTTP code 404) - 'http://www.chipscalereview.com/issues/0714/tech_monthly/csrtm-0811-front.php.htm'
  Error (HTTP code 404) - 'http://www.chipscalereview.com/issues/0714/tech_monthly/csrtm-1011-news.php.htm'
  Error (HTTP code 404) - 'http://www.chipscalereview.com/issues/0714/tech_monthly/csrtm-0711-ti.php.htm'
  Error (HTTP code 404) - 'http://www.chipscalereview.com/issues/0714/tech_monthly/csrtm-0711-ti.php.htm'
  Error (HTTP code 404) - 'http://www.chipscalereview.com/issues/0714/tech_monthly/csrtm-0811-new.php.htm'
  Error (HTTP code 404) - 'http://www.chipscalereview.com/issues/0714/tech_monthly/csrtm-0711-experts.php.htm'
  Error (HTTP code 404) - 'http://www.chipscalereview.com/issues/0714/tech_monthly/csrtm-0611-asymtek.php.htm'
  Error (HTTP code 404) - 'http://www.chipscalereview.com/issues/0714/tech_monthly/csrtm-0711-d43d.php.htm'
  Error (HTTP code 404) - 'http://www.chipscalereview.com/issues/0714/tech_monthly/csrtm-0611-front.php.htm'
  Error (HTTP code 404) - 'http://www.chipscalereview.com/issues/0714/tech_monthly/csrtm-0811-olympus.php.htm'
  Error (HTTP code 404) - 'http://www.chipscalereview.com/issues/0714/tech_monthly/csrtm-0510-semitherm.php.htm'
  Error (HTTP code 404) - 'http://www.chipscalereview.com/issues/0714/tech_monthly/csrtm-0510-ectc.php.htm'
  Error (HTTP code 404) - 'http://www.chipscalereview.com/issues/0714/tech_monthly/csrtm-0411-many-uses-for-lasers.php.htm'
  Error (HTTP code 404) - 'http://www.chipscalereview.com/issues/0714/tech_monthly/csrtm-0510-front.php.htm'
  Error (HTTP code 404) - 'http://www.chipscalereview.com/issues/0714/tech_monthly/csrtm-0611-evg.php.htm'
  Error (HTTP code 404) - 'http://www.chipscalereview.com/issues/0714/tech_monthly/csrtm-0411-3d-integration.php.htm'
  Error (HTTP code 404) - 'http://www.chipscalereview.com/issues/0714/tech_monthly/stats.php.htm'
  Error (HTTP code 404) - 'http://www.chipscalereview.com/issues/0714/tech_monthly/csrtm-0311-bits.php.htm'
  Error (HTTP code 404) - 'http://www.chipscalereview.com/issues/0714/tech_monthly/csrtm-0311-ironwood.php.htm'
  Error (HTTP code 404) - 'http://www.chipscalereview.com/issues/0714/tech_monthly/copper-pillar.php.htm'
  Error (HTTP code 404) - 'http://www.chipscalereview.com/issues/0714/tech_monthly/ev-group-interview.php.htm'
  Error (HTTP code 404) - 'http://www.chipscalereview.com/issues/0714/tech_monthly/uat.php.htm'
  Error (HTTP code 404) - 'http://www.chipscalereview.com/issues/0714/tech_monthly/gpd-global-interview.php.htm'
  Error (HTTP code 404) - 'http://www.chipscalereview.com/issues/0714/tech_monthly/sensors-for-electronic-stability-control.php.htm'
  Error (HTTP code 404) - 'http://www.chipscalereview.com/issues/0714/tech_monthly/tegal-corp-a-focused-aproach.php.htm'
  Error (HTTP code 404) - 'http://www.chipscalereview.com/issues/0714/tech_monthly/smta-international-2010.php.htm'
  Error (HTTP code 404) - 'http://www.chipscalereview.com/issues/0714/tech_monthly/alchimer.php.htm'
  Error (HTTP code 404) - 'http://www.chipscalereview.com/issues/0714/media_kit/CSR-Editorial-Calendar-2014.pdf'
  Error (HTTP code 404) - 'http://www.chipscalereview.com/issues/0714/directories/BurninTestSocketSuppliers.pdf'
  Error (HTTP code 404) - 'http://www.chipscalereview.com/issues/0714/tech_monthly/inside-scoop-on-multitests-system-level-approach-to-test.php.htm'
  Error (HTTP code 404) - 'http://www.chipscalereview.com/issues/0714/white_papers/white_papers.php.htm'
  Error (HTTP code 404) - 'http://www.chipscalereview.com/issues/0714/media_kit/CSR-Media-Kit-2014.pdf'
  Error (HTTP code 404) - 'http://www.chipscalereview.com/issues/0714/adv/Indium_CSRtech-BiAgX_120x240.gif'
  Error (HTTP code 404) - 'http://www.chipscalereview.com/issues/0714/directories/CSR_2012_packaging_foundries.pdf'
  Error (HTTP code 404) - 'http://www.chipscalereview.com/issues/0714/contact/contact.php.htm'
  Error (HTTP code 404) - 'http://www.chipscalereview.com/issues/0714/archives/default.htm'
  Error (HTTP code 404) - 'http://www.chipscalereview.com/issues/0714/directories/CSR_Sept_Oct_2012_WAFER-SCRIBING-DICING-SYSTEMS.pdf'
  Error (HTTP code 404) - 'http://www.chipscalereview.com/issues/0714/adv/SMTAI2014_ad_120x120.gif'
  Error (HTTP code 404) - 'http://www.chipscalereview.com/issues/0714/adv/120x120-MedicalBanner-TAPTimes.bmp'
  Error (HTTP code 404) - 'http://www.chipscalereview.com/issues/0714/adv/IMAPS-2014-tile-120x120.gif'
  Error (HTTP code 404) - 'http://www.chipscalereview.com/issues/0714/adv/3DIC_final-11.jpg'
  Error (HTTP code 404) - 'http://www.chipscalereview.com/issues/0714/adv/semi-mems.jpg'
  Error (HTTP code 404) - 'http://www.chipscalereview.com/issues/0714/front-content/0714/fig1.jpg'
  Error (HTTP code 404) - 'http://www.chipscalereview.com/issues/0714/front-content/0714/fig4.jpg'
  Error (HTTP code 404) - 'http://www.chipscalereview.com/issues/0714/front-content/0714/fig3.jpg'
  Error (HTTP code 404) - 'http://www.chipscalereview.com/issues/0714/front-content/0714/yole-logo.jpg'
  Error (HTTP code 404) - 'http://www.chipscalereview.com/issues/0714/front-content/0714/fig2.jpg'

Download is Completed (Aug 5, 2014 11:12:24 AM)

Summary:
 Number of Files: 635      Total Size: 255.8 MB
